  Running UnrealBuildTool: dotnet "..\..\Engine\Binaries\DotNET\UnrealBuildTool\UnrealBuildTool.dll" ToonTanksEditor Win64 Development -Project="C:\Users\loren\Tank-Battle\ToonTanksProjectSetup_4.25\ToonTanks\ToonTanks.uproject" -WaitMutex -FromMsBuild
  Log file: C:\Users\loren\AppData\Local\UnrealBuildTool\Log.txt
  Building ToonTanksEditor...
  Using Visual Studio 2022 14.33.31631 toolchain (C:\Program Files\Microsoft Visual Studio\2022\Community\VC\Tools\MSVC\14.33.31629) and Windows 10.0.22621.0 SDK (C:\Program Files (x86)\Windows Kits\10).
  [Upgrade]
  [Upgrade] Using backward-compatible include order. The latest version of UE has changed the order of includes, which may require code changes. The current setting is:
  [Upgrade]     IncludeOrderVersion = EngineIncludeOrderVersion.Unreal5_0
  [Upgrade] Suppress this message by setting 'IncludeOrderVersion = EngineIncludeOrderVersion.Unreal5_1;' in ToonTanksEditor.Target.cs.
  [Upgrade] Alternatively you can set this to 'EngineIncludeOrderVersion.Latest' to always use the latest include order. This will potentially cause compile errors when integrating new versions of the engine.
  [Upgrade]
  Determining max actions to execute in parallel (4 physical cores, 8 logical cores)
    Executing up to 4 processes, one per physical core
    Requested 1.5 GB free memory per action, 1.09 GB available: limiting max parallel actions to 1
  Building 4 actions with 1 process...
  [1/4] Compile Projectile.cpp
  [2/4] Link UnrealEditor-ToonTanks-0006.lib
     Creating library C:\Users\loren\Tank-Battle\ToonTanksProjectSetup_4.25\ToonTanks\Intermediate\Build\Win64\UnrealEditor\Development\ToonTanks\UnrealEditor-ToonTanks-0006.lib and object C:\Users\loren\Tank-Battle\ToonTanksProjectSetup_4.25\ToonTanks\Intermediate\Build\Win64\UnrealEditor\Development\ToonTanks\UnrealEditor-ToonTanks-0006.exp
  [3/4] Link UnrealEditor-ToonTanks-0006.dll
     Creating library C:\Users\loren\Tank-Battle\ToonTanksProjectSetup_4.25\ToonTanks\Intermediate\Build\Win64\UnrealEditor\Development\ToonTanks\UnrealEditor-ToonTanks-0006.suppressed.lib and object C:\Users\loren\Tank-Battle\ToonTanksProjectSetup_4.25\ToonTanks\Intermediate\Build\Win64\UnrealEditor\Development\ToonTanks\UnrealEditor-ToonTanks-0006.suppressed.exp
  [4/4] WriteMetadata ToonTanksEditor.target
  Total time in Parallel executor: 24.24 seconds
  Total execution time: 25.47 seconds
